<?xml version="1.0" encoding="UTF-8"?>
<!-- Generated by org.testng.reporters.JUnitReportReporter -->
<testsuite hostname="MITHU" failures="0" tests="1" name="all_catagories.Dropdown" time="15.705" errors="0" timestamp="2022-04-08T20:08:17 EDT" skipped="0">
  <testcase classname="all_catagories.Dropdown" name="allCategories" time="15.705"/>
  <system-out/>
</testsuite> <!-- all_catagories.Dropdown -->
